#
# There is insufficient memory for the Java Runtime Environment to continue.
# Native memory allocation (malloc) failed to allocate 1048576 bytes for AllocateHeap
# Possible reasons:
#   The system is out of physical RAM or swap space
#   In 32 bit mode, the process size limit was hit
# Possible solutions:
#   Reduce memory load on the system
#   Increase physical memory or swap space
#   Check if swap backing store is full
#   Use 64 bit Java on a 64 bit OS
#   Decrease Java heap size (-Xmx/-Xms)
#   Decrease number of Java threads
#   Decrease Java thread stack sizes (-Xss)
#   Set larger code cache with -XX:ReservedCodeCacheSize=
# This output file may be truncated or incomplete.
#
#  Out of Memory Error (memory/allocation.inline.hpp:61), pid=12284, tid=0x0000000000001638
#
# JRE version:  (8.0_171-b11) (build )
# Java VM: Java HotSpot(TM) 64-Bit Server VM (25.171-b11 mixed mode windows-amd64 compressed oops)
# Failed to write core dump. Minidumps are not enabled by default on client versions of Windows
#

---------------  T H R E A D  ---------------

Current thread (0x0000000002b32800):  JavaThread "Unknown thread" [_thread_in_vm, id=5688, stack(0x00000000029c0000,0x0000000002ac0000)]

Stack: [0x00000000029c0000,0x0000000002ac0000]
[error occurred during error reporting (printing stack bounds), id 0xc0000005]

Native frames: (J=compiled Java code, j=interpreted, Vv=VM code, C=native code)


---------------  P R O C E S S  ---------------

Java Threads: ( => current thread )

Other Threads:

=>0x0000000002b32800 (exited) JavaThread "Unknown thread" [_thread_in_vm, id=5688, stack(0x00000000029c0000,0x0000000002ac0000)]

VM state:not at safepoint (normal execution)

VM Mutex/Monitor currently owned by a thread: None

Heap:
 PSYoungGen      total 37888K, used 655K [0x00000000d6100000, 0x00000000d8b00000, 0x0000000100000000)
  eden space 32768K, 2% used [0x00000000d6100000,0x00000000d61a3d80,0x00000000d8100000)
  from space 5120K, 0% used [0x00000000d8600000,0x00000000d8600000,0x00000000d8b00000)
  to   space 5120K, 0% used [0x00000000d8100000,0x00000000d8100000,0x00000000d8600000)
 ParOldGen       total 86016K, used 0K [0x0000000082200000, 0x0000000087600000, 0x00000000d6100000)
  object space 86016K, 0% used [0x0000000082200000,0x0000000082200000,0x0000000087600000)
 Metaspace       used 774K, capacity 4480K, committed 4480K, reserved 1056768K
  class space    used 76K, capacity 384K, committed 384K, reserved 1048576K

Card table byte_map: [0x0000000011ff0000,0x00000000123e0000] byte_map_base: 0x0000000011bdf000

Marking Bits: (ParMarkBitMap*) 0x000000005a2508c0
 Begin Bits: [0x0000000012a80000, 0x00000000149f8000)
 End Bits:   [0x00000000149f8000, 0x0000000016970000)

Polling page: 0x0000000000c70000

CodeCache: size=245760Kb used=328Kb max_used=328Kb free=245431Kb
 bounds [0x0000000002c30000, 0x0000000002ea0000, 0x0000000011c30000]
 total_blobs=58 nmethods=0 adapters=38
 compilation: enabled

Compilation events (0 events):
No events

GC Heap History (0 events):
No events

Deoptimization events (0 events):
No events

Classes redefined (0 events):
No events

Internal exceptions (0 events):
No events

Events (10 events):
Event: 0.024 loading class java/lang/Short
Event: 0.024 loading class java/lang/Short done
Event: 0.024 loading class java/lang/Integer
Event: 0.024 loading class java/lang/Integer done
Event: 0.024 loading class java/lang/Long
Event: 0.024 loading class java/lang/Long done
Event: 0.025 loading class java/lang/NullPointerException
Event: 0.025 loading class java/lang/NullPointerException done
Event: 0.025 loading class java/lang/ArithmeticException
Event: 0.025 loading class java/lang/ArithmeticException done


Dynamic libraries:
0x00007ff6971e0000 - 0x00007ff697217000 	C:\Program Files\Java\jdk1.8.0_171\bin\java.exe
0x00007ffa095a0000 - 0x00007ffa09781000 	C:\WINDOWS\SYSTEM32\ntdll.dll
0x00007ffa08010000 - 0x00007ffa080c2000 	C:\WINDOWS\System32\KERNEL32.DLL
0x00007ffa05c10000 - 0x00007ffa05e83000 	C:\WINDOWS\System32\KERNELBASE.dll
0x00007ffa07830000 - 0x00007ffa078d1000 	C:\WINDOWS\System32\ADVAPI32.dll
0x00007ffa070d0000 - 0x00007ffa0716e000 	C:\WINDOWS\System32\msvcrt.dll
0x00007ffa07070000 - 0x00007ffa070cb000 	C:\WINDOWS\System32\sechost.dll
0x00007ffa07650000 - 0x00007ffa07774000 	C:\WINDOWS\System32\RPCRT4.dll
0x00007ffa06ed0000 - 0x00007ffa07060000 	C:\WINDOWS\System32\USER32.dll
0x00007ffa05ac0000 - 0x00007ffa05ae0000 	C:\WINDOWS\System32\win32u.dll
0x00007ffa07780000 - 0x00007ffa077a8000 	C:\WINDOWS\System32\GDI32.dll
0x00007ffa067f0000 - 0x00007ffa06982000 	C:\WINDOWS\System32\gdi32full.dll
0x00007ffa06990000 - 0x00007ffa06a2f000 	C:\WINDOWS\System32\msvcp_win.dll
0x00007ffa059c0000 - 0x00007ffa05aba000 	C:\WINDOWS\System32\ucrtbase.dll
0x00007ff9f7610000 - 0x00007ff9f7879000 	C:\WINDOWS\WinSxS\amd64_microsoft.windows.common-controls_6595b64144ccf1df_6.0.17134.112_none_fb3f961b30681c12\COMCTL32.dll
0x00007ffa06a30000 - 0x00007ffa06d53000 	C:\WINDOWS\System32\combase.dll
0x00007ffa05ae0000 - 0x00007ffa05b5a000 	C:\WINDOWS\System32\bcryptPrimitives.dll
0x00007ffa07fe0000 - 0x00007ffa0800d000 	C:\WINDOWS\System32\IMM32.DLL
0x000000005b8a0000 - 0x000000005b972000 	C:\Program Files\Java\jdk1.8.0_171\jre\bin\msvcr100.dll
0x0000000059a30000 - 0x000000005a2d0000 	C:\Program Files\Java\jdk1.8.0_171\jre\bin\server\jvm.dll
0x00007ffa07640000 - 0x00007ffa07648000 	C:\WINDOWS\System32\PSAPI.DLL
0x00007ff9fc450000 - 0x00007ff9fc45a000 	C:\WINDOWS\SYSTEM32\VERSION.dll
0x00007ffa00640000 - 0x00007ffa00663000 	C:\WINDOWS\SYSTEM32\WINMM.dll
0x00007ff9f5c80000 - 0x00007ff9f5c89000 	C:\WINDOWS\SYSTEM32\WSOCK32.dll
0x00007ffa07390000 - 0x00007ffa073fc000 	C:\WINDOWS\System32\WS2_32.dll
0x00007ffa00610000 - 0x00007ffa0063a000 	C:\WINDOWS\SYSTEM32\WINMMBASE.dll
0x00007ffa05970000 - 0x00007ffa059b9000 	C:\WINDOWS\System32\cfgmgr32.dll
0x000000005bd50000 - 0x000000005bd5f000 	C:\Program Files\Java\jdk1.8.0_171\jre\bin\verify.dll
0x000000005bd20000 - 0x000000005bd49000 	C:\Program Files\Java\jdk1.8.0_171\jre\bin\java.dll
0x000000005bd00000 - 0x000000005bd16000 	C:\Program Files\Java\jdk1.8.0_171\jre\bin\zip.dll

VM Arguments:
java_command: C:\Users\Momoche\eclipse-workspace\pstl-upmc-master\constraintChecker.jar C:\Users\Momoche\eclipse-workspace\pstl-upmc-master\DependecyGraph.xml C:\Users\Momoche\eclipse-workspace\pstl-upmc-master\projectTest\yoo.wld
java_class_path (initial): C:\Users\Momoche\eclipse-workspace\pstl-upmc-master\constraintChecker.jar
Launcher Type: SUN_STANDARD

Environment Variables:
JAVA_HOME=C:\Program Files\Java\jdk1.8.0_171
PATH=C:/Program Files/Java/jdk1.8.0_171/bin/../jre/bin/server;C:/Program Files/Java/jdk1.8.0_171/bin/../jre/bin;C:/Program Files/Java/jdk1.8.0_171/bin/../jre/lib/amd64;C:\Program Files (x86)\Common Files\Oracle\Java\javapath;C:\oraclexe\app\oracle\product\11.2.0\server\bin;C:\ProgramData\Oracle\Java\javapath;C:\Program Files (x86)\Intel\iCLS Client\;C:\Program Files\Intel\iCLS Client\;C:\Windows\system32;C:\Windows;C:\Windows\System32\Wbem;C:\Windows\System32\WindowsPowerShell\v1.0\;C:\Program Files (x86)\Intel\Intel(R) Management Engine Components\DAL;C:\Program Files\Intel\Intel(R) Management Engine Components\DAL;C:\Program Files (x86)\Intel\Intel(R) Management Engine Components\IPT;C:\Program Files\Intel\Intel(R) Management Engine Components\IPT;C:\Program Files (x86)\NVIDIA Corporation\PhysX\Common;C:\Program Files\Intel\WiFi\bin\;C:\Program Files\Common Files\Intel\WirelessCommon\;C:\WINDOWS\system32;C:\WINDOWS;C:\WINDOWS\System32\Wbem;C:\WINDOWS\System32\WindowsPowerShell\v1.0\;C:\Program Files\dotnet\;C:\Program Files\Git\cmd;C:\WINDOWS\System32\OpenSSH\;C:\Users\Momoche\AppData\Local\Microsoft\WindowsApps;C:\Program Files\Intel\WiFi\bin\;C:\Program Files\Common Files\Intel\WirelessCommon\;"C:\Program Files\Java\jdk1.8.0_171\bin;";;C:\WINDOWS\System32;
USERNAME=Momoche
OS=Windows_NT
PROCESSOR_IDENTIFIER=Intel64 Family 6 Model 142 Stepping 9, GenuineIntel



---------------  S Y S T E M  ---------------

OS: Windows 10.0 , 64 bit Build 17134 (10.0.17134.1)

CPU:total 4 (initial active 4) (2 cores per cpu, 2 threads per core) family 6 model 142 stepping 9, cmov, cx8, fxsr, mmx, sse, sse2, sse3, ssse3, sse4.1, sse4.2, popcnt, avx, avx2, aes, clmul, erms, 3dnowpref, lzcnt, ht, tsc, tscinvbit, bmi1, bmi2, adx

Memory: 4k page, physical 8242236k(347144k free), swap 24070140k(5444k free)

vm_info: Java HotSpot(TM) 64-Bit Server VM (25.171-b11) for windows-amd64 JRE (1.8.0_171-b11), built on Mar 28 2018 16:06:12 by "java_re" with MS VC++ 10.0 (VS2010)

time: Wed Jul 04 13:48:42 2018
elapsed time: 0 seconds (0d 0h 0m 0s)

